[RUN #0 100 10]
119 497 875 -869 -792 -347 -92 -559 -925 1 754 -922 -482 -981 -234 442 -950 -510 919 481 77 793 686 514 546 163 307 472 -336 748 268 -664 -613 784 -572 846 -397 8 -951 473 -37 924 255 -654 87 749 156 -872 743 557 -581 461 354 -495 287 650 428 -163 993 -691 -175 -961 615 446 -438 110 -681 815 10 -279 -892 38 -694 -290 312 83 78 -895 -303 737 215 954 234 390 689 76 879 94 -272 783 550 843 864 -525 798 -182 -325 -56 -145 244
-702 566 -921 538 408 748 -27 871 -848 385 -203 966 313 -575 -776 -191 203 -892 740 -932 -1 -117 -153 -822 314 150 -923 714 -260 -367 765 -279 -92 -233 470 552 -318 -772 619 -230 86 221 549 649 -779 78 -257 419 222 430 947 196 -657 392 562 780 -418 -171 366 -488 715 479 -364 -831 103 -487 920 -178 255 -114 -135 -815 919 819 910 -748 953 601 478 514 25 722 364 584 -443 -955 83 696 -126 -167 -683 -843 960 603 337 875 309 -503 -569 108
-44 483 -866 -64 -721 952 900 160 -934 -481 -603 867 -349 811 -672 -210 277 -160 158 -781 -375 618 -145 726 740 330 -968 -6 -582 -457 687 -858 -497 31 173 -809 461 -920 -239 -576 -186 -31 -272 113 -793 709 938 -148 -755 -98 595 -584 364 -921 -286 -753 905 218 -219 -633 435 -955 267 -772 -304 269 -660 -634 -431 778 -49 83 421 -641 -465 -817 -627 -308 319 -460 164 -168 716 890 609 858 -223 -583 260 -90 315 -137 -21 444 -348 42 591 927 678 109
-502 -997 772 -776 -696 -798 984 -277 -691 494 923 899 924 91 -374 142 350 -81 -879 388 -67 -34 788 -64 -600 268 -518 453 237 566 402 102 -63 -346 368 969 -927 902 61 -484 509 -986 949 468 243 -509 164 -308 -659 124 964 -914 -594 -745 -877 -896 -737 -265 -408 -865 -126 128 -947 371 -817 -400 -823 353 971 318 375 234 454 -640 522 342 -101 649 -264 856 -142 -55 -192 495 -806 -925 -824 -901 -880 -874 485 -466 -173 -7 -41 589 -411 26 557 279
345 372 -174 -947 702 240 299 736 -439 -985 667 714 949 -380 -158 -775 799 416 -348 930 274 706 160 -351 -246 -291 -270 576 313 -211 273 -944 730 -745 -52 406 333 -266 -907 -223 -892 -460 -814 817 -869 465 837 460 647 516 -914 -524 909 36 -960 -434 -561 -338 724 935 370 -100 150 713 223 231 -994 28 605 -863 -759 841 642 1 -258 925 -769 30 -936 -459 250 -934 -212 -318 -855 42 -120 252 53 505 -462 -506 776 -251 325 796 560 664 886 -326
610 136 652 -49 784 555 143 456 -415 796 -869 450 576 179 -757 232 989 325 151 835 -100 -663 -707 619 -916 -33 -793 938 745 983 -821 -273 800 -584 182 845 -196 814 -670 894 -92 -128 786 -207 824 586 429 116 62 728 -206 758 -429 -350 858 473 856 346 79 529 -629 6 -182 562 -168 352 -217 929 350 587 986 -263 314 207 -855 -89 822 717 107 -888 418 -9 999 144 274 -786 524 896 339 108 283 994 458 -894 -581 -957 446 489 -909 -884
-920 -4 -431 273 -227 -276 351 87 -146 -91 -42 -323 -751 203 267 438 524 842 -273 -803 148 -976 -623 717 -6 -677 253 840 -371 443 372 -252 -635 -735 749 86 -550 -158 593 96 172 -563 -389 291 -582 616 4 49 -130 741 627 -835 -802 -326 -34 968 899 90 -58 -960 -473 -575 -589 186 -883 -405 -493 928 370 794 -522 -899 -997 -198 235 -85 467 256 193 429 871 769 313 739 938 -424 -877 534 -626 -409 71 -334 759 891 -337 504 -443 -170 -530 639
-674 -163 494 175 935 908 -750 154 452 -210 190 833 111 -110 409 -521 726 -424 198 875 -309 6 -66 -213 492 733 320 -166 -50 914 697 -650 -377 22 -231 -758 -791 837 301 46 28 579 153 896 -456 485 -382 -376 -135 881 173 -16 -55 -922 387 -836 284 -19 585 -864 -934 557 -139 -877 940 968 -399 572 -490 670 947 978 -175 973 85 630 -832 373 277 -804 -951 -690 -330 58 14 -220 754 -574 24 292 -726 430 671 892 -667 -820 -132 359 633 743
-991 772 -606 94 -48 449 151 13 709 -986 564 -69 -468 86 435 -334 -446 206 -963 414 398 -398 -214 750 182 -859 -86 231 431 581 123 -965 143 -492 -301 102 805 898 -465 630 -594 -425 -579 915 -771 -633 -885 -283 -960 629 -950 -151 -920 -864 -38 -727 -189 -131 330 57 -253 349 63 -27 -257 562 476 -255 -330 -703 -512 -688 773 -298 -734 -419 -137 -750 884 427 220 424 843 257 -504 105 969 578 378 -133 -149 -288 -992 815 -552 649 788 197 -306 -351
-304 22 -522 -552 594 644 906 234 831 -524 -209 -85 578 -173 511 445 -649 787 -319 -952 -910 -767 -312 -198 261 749 -265 481 629 -876 75 258 876 -743 -518 5 -884 795 740 635 -61 79 -171 -429 693 -451 -668 428 -728 782 521 233 -565 -323 -977 -931 187 209 -486 71 859 -268 292 95 -350 -270 814 -980 285 686 -775 -178 73 -385 194 698 341 -915 759 -814 -917 111 669 -431 737 804 -298 470 935 275 -817 -317 420 138 -925 -516 -403 357 946 -753
[RUN #1 2 10]
-541 679
165 -475
-178 -691
882 978
113 57
-258 -414
231 -617
421 524
-752 -428
265 -242
[RUN #2 2 100]
505 -595
962 -983
-38 -621
-736 194
-433 930
-478 -153
412 161
898 881
-141 425
78 -37
-416 582
-16 -563
975 530
859 -734
492 911
821 -976
-231 -952
-422 730
153 -290
-989 293
-3 -825
370 234
25 -656
-321 829
[RUN #3 4 100]
356 453 -282 645
-271 115 -121 927
849 159 683 325
58 153 856 379
760 764 53 -827
-181 273 -412 -960
774 277 -497 -783
790 -898 -951 -369
-556 -877 700 560
566 -119 -721 -347
751 939 432 192
224 -925 -856 759
976 -451 832 268
-382 108 -700 -861
213 955 -724 31
369 -122 -346 -560
-350 761 446 -676
286 956 449 -916
968 -64 897 -982
478 -958 -944 317
-966 520 -547 25
-24 512 -742 -459
-394 493 959 -912
-899 -113 668 -836
858 -3 -537 478
-164 -324 -632 -942
-814 7 -480 698
-937 -403 569 481
524 -294 -138 -631
476 349 -584 277
783 769 370 -348
871 -555 821 424
765 901 -812 -103
901 -327 -197 -686
491 -580 -829 957
767 453 482 670
-604 -881 309 -285
-577 -980 -136 -222
431 -944 -182 347
176 -102 903 -123
757 256 -478 -879
-966 221 -476 46
274 877 -110 -281
268 -495 916 697
-223 -586 614 -817
222 -247 -540 -109
-128 918 690 560
180 220 -612 -259
146 675 -14 -474
-990 -407 689 -737
-71 -108 79 7
783 -205 -538 -674
219 33 851 5
270 -225 -928 176
[RUN #4 5 40]
674 582 42 242 528
-29 360 973 -238 -428
-746 -998 -811 782 -551
317 -858 19 -165 447
-197 886 -70 184 -355
-636 -803 -627 -17 -307
-539 -550 368 -324 -485
879 877 43 -552 565
180 389 -237 -716 -256
-149 -990 -939 712 203
239 -600 32 -136 -126
887 589 391 247 958
113 -983 49 -766 431
22 -904 -373 -164 -158
-257 723 -654 -176 67
-701 417 -605 692 115
497 197 -670 555 -149
362 954 694 966 439
-232 -357 -843 -540 -426
-149 -246 -986 -341 846
465 133 971 15 557
-332 -70 -649 -28 188
-693 -833 212 -169 -174
-332 -368 -330 -329 968
234 -392 171 145 -266
852 -933 604 -345 -740
400 -61 -959 591 -585
-956 -207 -269 -802 567
611 -511 592 -226 956
897 -174 21 -184 926
164 -532 -908 -290 566
93 463 -346 -550 -278
655 -588 575 392 -138
-504 -780 -509 55 -414
755 -393 -82 -349 111
865 -531 -298 -437 -597
-699 -608 -329 971 42
934 -190 445 -159 930
-280 750 -232 8 333
645 -730 -944 -630 22
[RUN #5 6 40]
491 -278 -643 -953 -718 -564
237 765 159 818 -615 145
-698 -699 333 -292 218 -330
643 177 -945 -768 -318 -109
793 -634 127 -976 -419 957
-662 -113 -98 110 -330 77
-381 835 351 -933 -612 -409
-864 723 349 512 -587 -724
976 -286 -268 -588 -723 -83
-460 -870 509 168 -666 -680
939 47 395 -721 -225 -100
674 -260 -593 -792 947 -555
203 -212 -663 186 -852 -724
937 -487 386 -871 -680 897
830 904 -314 861 346 794
-863 897 311 -617 -588 704
412 -155 -946 -440 11 640
-373 -362 -533 67 663 920
297 -452 -182 -84 -852 481
-841 -602 51 -977 -145 -340
-143 -323 322 -842 -584 -142
-267 -49 485 377 76 -342
722 -560 373 -870 169 -647
-29 708 362 217 -172 100
-903 -861 201 48 -763 214
-944 797 759 746 -692 -570
147 662 -861 243 535 -585
430 464 30 -446 -864 559
-202 -640 -481 621 557 902
-229 167 186 -491 -718 -971
-40 -993 -977 -230 -887 -795
-577 -852 149 -705 -496 381
304 712 573 807 735 102
-469 -660 76 -640 802 340
35 -695 502 -396 954 -660
336 -811 717 893 752 711
-268 -476 646 -498 124 -128
-14 -87 -230 -662 -459 -464
761 -602 409 141 660 666
-799 -366 284 129 947 -245
[RUN #6 10 40]
-850 950 -479 186 -962 -467 -495 -487 118 -744
-667 -715 428 591 71 -747 814 -267 765 247
169 810 489 253 -488 -972 -377 -898 -340 500
-854 975 997 -359 -409 -476 363 -261 831 35
593 -930 228 -345 858 980 -966 -773 329 752
145 -264 -843 856 -788 844 95 -727 -504 862
-137 -929 -933 -645 408 782 -201 -770 -832 -668
-566 803 133 761 780 -692 189 -248 409 -112
374 866 550 -680 107 -401 861 6 209 -387
486 198 -895 -423 756 300 15 -890 -345 -126
-712 -61 185 288 -44 -512 210 -427 804 -763
-692 -990 -465 -244 596 -500 933 -745 862 439
-471 193 -805 75 884 260 -715 -917 860 866
746 444 -656 790 642 -909 846 536 -826 601
245 585 -131 -1000 962 294 631 925 -309 -244
732 -250 818 -402 679 620 -980 -666 453 916
813 156 925 -587 -178 -404 -869 321 994 -867
-339 961 312 115 -267 -800 484 767 -284 614
-96 -417 -91 949 -826 -893 895 648 -985 897
-573 794 -83 -761 -810 544 -64 -684 -729 159
873 519 766 -124 654 459 -280 239 578 286
-656 -983 -116 330 -544 -695 -563 134 593 -233
-264 -854 47 264 696 664 158 99 819 -685
611 -682 -714 -630 -173 -129 898 941 -520 -872
88 -319 -105 -102 -829 -240 591 329 134 262
-980 -690 340 -622 567 579 -6 -639 -47 533
-608 240 -488 212 -410 438 -658 -268 -513 474
851 702 9 -756 -21 683 -298 537 550 -391
-503 550 -37 999 -133 495 -632 -575 -45 -766
377 -877 829 -188 271 359 -632 758 -278 -36
799 -217 558 -707 -941 23 143 836 21 407
-579 -592 448 444 -149 594 840 -594 -601 497
-713 713 -865 415 -909 -204 386 209 -26 -199
-567 -915 -217 189 -416 -437 -445 -539 -455 258
-173 -426 720 -343 981 -131 125 816 -360 673
262 -590 39 917 569 -412 -384 849 -948 -651
-112 111 15 387 -563 4 52 537 -789 -129
462 -20 404 975 -794 -627 -671 495 -283 362
650 821 -927 204 -870 -490 469 799 83 -409
116 252 923 -32 -349 702 216 677 721 -969
[RUN #7 100 40]
172 -679 96 789 533 73 -18 851 712 814 -136 222 -116 573 826 -482 -14 437 -697 -240 827 946 -518 -955 419 252 443 -516 998 584 743 724 -921 -910 637 401 21 -989 368 -178 16 263 -929 -467 626 -53 134 -299 -841 992 -189 723 -100 547 902 -309 731 216 267 -961 501 -598 978 808 661 -13 -215 -543 -8 644 823 -395 705 353 830 -166 412 -894 442 -285 -455 -466 165 951 -70 508 572 196 816 -465 -925 -767 650 426 -631 -58 638 -95 427 549
-925 -43 666 255 308 -588 160 -726 -452 -698 -52 427 988 -944 -9 -351 -792 -434 499 180 327 376 -455 621 -159 553 161 -958 200 622 850 573 291 770 -891 -400 -736 282 -326 -403 417 785 817 115 64 17 -367 -396 925 -179 765 181 -126 -361 309 380 320 -353 -746 -112 -203 -426 562 -986 528 -486 -233 -791 429 -211 933 -480 596 -80 -253 -580 606 855 712 -867 -818 -291 754 172 477 215 -425 -840 432 -810 -861 -568 733 -397 206 173 14 991 -825 -383
-185 -472 -146 -815 -617 -72 -913 38 864 394 973 946 657 221 -765 697 531 -583 181 -935 942 -135 -750 147 -751 323 -601 -384 -154 343 -515 962 373 -207 282 -403 -356 -693 146 -710 -94 -104 862 574 -623 382 14 -531 -671 820 -431 918 259 -788 283 -521 31 -491 -770 -963 212 -330 682 -11 992 -571 897 974 -792 -256 467 -180 104 -861 -735 -224 -288 499 -679 167 967 968 -197 150 337 977 -214 -862 161 740 528 939 -891 -255 953 422 -33 281 -928 -272
-450 452 513 -909 -79 -135 940 -946 894 699 -605 -773 -312 967 -466 -703 -942 260 -198 671 -87 -448 763 -318 250 850 700 -195 -455 -922 874 -205 732 -264 254 -3 -547 -976 590 -854 274 372 -206 -11 -429 -530 -114 257 -748 -648 -126 -285 -581 730 591 25 604 -843 115 210 469 901 218 301 881 725 482 -727 -191 -730 -631 -59 -19 13 781 -907 -235 -706 -368 291 -137 53 22 -487 -130 159 439 113 -36 -96 979 226 -540 -331 -363 938 631 608 32 605
-981 -445 -197 -252 159 -150 292 863 966 -314 70 -944 -882 424 -583 -6 -364 -664 295 -285 133 -333 35 872 61 48 -18 27 483 -879 909 246 -575 871 639 -760 622 -188 -597 -503 -49 461 -709 57 -528 -844 -602 -446 -517 -721 206 213 478 -626 126 548 -346 672 114 950 -358 711 -497 -574 805 -563 -387 312 -263 37 -457 -567 674 481 964 617 -912 137 -868 608 163 333 -982 632 904 819 -19 -554 810 279 921 953 71 781 -283 883 -442 499 -438 339
-453 492 -848 803 -667 490 980 -789 66 -197 877 603 -485 892 -850 -193 377 824 443 -104 -714 745 23 608 546 394 -174 616 -758 -165 -573 337 -569 153 4 421 189 -939 698 -688 -908 -330 874 -114 449 -904 -180 179 -57 -207 -50 -26 454 662 906 -127 -13 -259 563 545 793 226 -726 -405 313 733 80 -131 -401 -935 131 155 -340 -623 895 -946 375 655 -812 -599 297 152 -201 321 996 -745 498 -460 391 93 -291 882 139 738 -530 165 -892 639 -656 -532
-360 -915 303 586 935 -599 489 -622 -7 496 525 -291 -600 -922 59 -857 -836 -278 772 -204 124 774 248 501 272 -340 -771 -967 986 254 -561 214 -41 402 -27 -966 -916 -929 189 -850 869 -471 702 -985 58 -965 -679 219 -75 147 -875 -757 -443 -61 -258 814 210 -569 515 -297 -538 653 -772 -192 443 -973 472 -34 -414 835 530 775 -671 -779 509 -644 -566 -733 -203 416 457 115 -499 766 980 419 491 -472 -433 -82 203 -304 -59 -430 -717 345 -454 654 -155 329
-328 339 -251 564 -204 253 -904 794 256 744 -168 -914 -768 401 303 -971 967 -415 248 329 616 39 125 -711 395 155 -269 -880 -392 150 294 209 -598 -256 -568 -625 33 937 -683 529 846 632 460 -318 -474 -434 453 823 -500 -897 -644 -404 894 -285 -801 549 -141 -364 28 219 381 -423 -529 -596 588 516 -212 498 869 175 99 976 -776 -667 299 -226 -848 -462 798 638 -704 193 601 444 -516 304 -563 315 -296 -743 -186 -74 -584 -48 -609 -380 414 -13 -190 -701
217 316 -344 -764 46 -190 -469 763 732 229 233 -591 -193 628 110 -37 -5 -50 -369 -206 618 -90 1 2 279 -996 -239 -979 -871 48 -301 532 758 -356 239 -205 -907 -139 -88 -583 847 326 -509 -41 -644 647 -227 -573 -157 616 -347 235 -467 223 829 -781 -296 -23 465 910 905 840 347 -16 79 430 -973 708 -826 -501 704 -947 -598 -945 -790 -413 386 -694 -561 807 -82 -833 -396 247 -73 -311 572 -858 179 112 -286 -312 -982 345 -247 543 356 965 244 -462
-312 -687 -304 -596 645 -93 -824 -820 438 940 937 176 769 -151 993 -17 -895 339 -789 671 -458 136 -816 -18 181 -164 -35 18 700 -292 -261 205 982 186 -235 475 -140 -408 -218 -351 571 140 -899 -549 627 -971 178 452 905 141 439 267 -914 -361 849 -960 179 -487 683 -922 -64 868 -781 -194 -413 -900 -715 591 487 -112 609 -963 -520 -406 -928 -138 -518 734 -92 597 -576 -557 448 204 -955 188 840 470 -74 -999 -438 16 -713 446 638 353 -920 846 -863 630
-141 -600 286 360 -772 639 272 -239 875 833 548 -456 489 815 867 -955 593 944 -120 -758 29 -13 -432 799 -114 -442 674 258 -146 -256 734 -692 -411 -223 -572 571 -892 -830 -660 641 -296 36 401 76 -385 344 268 -150 -429 -279 72 246 -594 543 -568 580 801 -606 936 -868 -654 -544 -994 -207 590 8 -775 -489 -393 354 744 325 -310 -719 -848 858 -124 -294 578 419 -455 -671 632 -786 -369 981 -4 645 -840 -960 144 -297 -640 205 -972 -839 -346 773 -441 490
989 -262 921 -365 495 -738 938 -264 42 -300 24 -547 -722 -972 419 972 781 -605 -139 -890 -698 -643 -303 -357 848 386 -219 -344 -705 960 803 -786 98 166 64 742 722 691 6 913 155 731 252 -581 311 -970 -374 574 -407 -255 -185 -531 -119 -319 669 473 -936 735 -467 -889 712 -620 211 221 -279 218 -213 536 -20 -94 -295 -587 -453 -238 209 -458 20 709 -494 -299 -154 -340 338 -177 -488 -439 -442 872 -745 866 -127 -900 -316 -76 -79 289 25 703 -720 -639
92 968 149 -503 -110 863 103 -730 -125 391 942 145 -319 959 -987 -853 348 -259 193 -200 349 -43 -600 203 257 -499 901 931 -690 277 715 151 12 543 -5 -540 271 774 187 499 713 524 189 308 -230 -523 -678 894 -587 -907 -350 -963 -397 -140 -383 -386 -813 375 -247 -299 889 -111 513 -25 -568 -997 834 -108 402 909 197 641 -735 794 -191 126 186 196 646 295 -609 -627 -277 52 -551 58 741 -930 -621 -134 -662 -79 -313 544 332 86 413 -954 19 528
611 663 -130 -165 417 367 -411 -629 987 -435 837 -147 345 -269 965 267 -719 634 -882 -223 280 135 -721 -376 -32 -364 -604 903 -532 605 532 -132 -989 334 -315 -193 342 -694 799 300 332 359 -884 -783 -354 -823 348 826 957 853 253 -192 -899 -954 -412 -119 278 535 780 769 224 124 -943 821 -830 -551 557 -590 -156 -599 -985 592 -316 -140 -762 -520 -587 -677 27 -546 757 -669 747 878 -208 563 297 -4 857 -613 496 -873 -456 200 828 94 100 390 255 172
-405 669 -929 500 523 -639 -481 117 -761 615 577 -610 -805 609 42 -707 -986 733 -924 640 -260 326 -294 -999 566 574 -299 -736 846 652 -444 -283 -323 41 678 404 -843 122 244 -623 -167 554 961 -657 548 79 -540 185 -696 272 -91 -780 -735 758 -575 828 -934 857 -327 -328 862 -896 -915 439 53 -420 444 -634 -199 716 360 887 527 -438 143 -233 482 838 -263 576 571 -546 -827 -350 764 -839 746 -290 -316 -104 687 308 631 347 -300 -803 -447 854 -37 762
308 -455 208 -322 435 -496 230 -995 -653 -358 -112 53 -208 -925 -788 288 -874 20 767 -54 347 472 625 676 -621 48 -582 -903 -577 585 322 201 950 -895 17 -499 -746 953 306 -434 -176 -200 -709 -140 92 669 421 -985 -91 226 795 -770 -442 504 -217 -642 -877 -11 -757 -816 -153 975 -117 673 -419 702 -805 936 889 299 -933 391 336 332 444 582 -956 703 -403 -1 234 104 807 587 -183 541 -101 -439 323 -535 102 340 276 -710 141 -66 -231 164 -647 651
268 118 275 -349 222 -803 738 511 -308 -722 -848 -653 -56 -350 105 905 -565 359 719 318 -453 766 -55 -525 -977 -701 -688 943 334 110 592 -869 653 -759 -106 -429 211 -491 -781 685 505 163 435 88 546 51 -504 187 -494 483 -436 -226 -413 419 -392 -96 -109 265 783 58 -330 -283 -961 770 -829 630 -264 620 376 349 -461 -322 445 875 309 570 598 -89 195 -576 795 624 -487 350 -790 914 -334 -430 716 883 228 828 -432 366 -497 -397 746 -988 470 -527
-267 -8 918 -644 722 -792 210 -465 479 -445 334 615 -738 -630 936 -549 403 -305 -940 -59 938 421 -39 917 577 -955 487 -511 773 -110 -448 71 -479 -46 86 -199 -904 -394 -606 79 -712 -914 898 231 523 -144 503 -433 -163 701 -343 592 277 370 393 746 104 452 225 816 483 -743 -473 -603 229 -587 -957 776 -719 -379 743 777 860 -580 540 792 778 -915 -774 -849 377 765 720 -828 -256 -600 -862 867 880 512 -645 775 529 124 748 -655 446 -889 484 -263
-354 935 652 368 -677 743 -218 -413 594 -550 -649 79 985 -228 -451 -38 379 -854 -358 -262 754 -54 -493 869 -647 -164 720 -524 -159 102 681 696 -19 151 979 -694 280 542 -418 701 990 -794 -466 -110 546 46 -920 -120 57 -9 189 326 -310 -232 -226 394 722 -885 349 -254 739 55 651 -811 517 -432 -728 -185 -895 295 838 -715 892 -101 325 -7 819 237 246 -989 -692 -442 -248 -311 795 992 -206 -184 -853 581 -606 -236 -659 -399 -730 -365 -789 366 463 -103
877 810 531 -591 598 -632 309 46 640 931 695 -808 345 -862 860 -704 77 -973 -814 -133 875 -713 907 -348 367 630 -834 230 -491 -420 778 735 -663 538 91 702 -62 306 35 638 -330 548 -659 470 118 -154 -767 354 -16 -788 649 -749 173 291 -48 -636 179 104 130 -517 -384 -388 779 653 -603 -44 -37 -352 -634 -323 763 -697 988 -853 -2 -165 -885 -921 -909 848 -163 971 48 -188 468 -27 121 -18 -103 -477 -981 158 -45 583 -797 -873 -338 -218 654 -553
-210 -660 533 757 -17 -695 -572 66 -2 -954 -768 393 658 488 572 972 -280 -936 30 645 -294 -806 676 367 304 229 47 641 101 482 980 143 -779 -18 -95 94 -889 -754 859 32 11 243 67 559 -80 907 189 331 619 -275 190 99 -640 869 -602 718 68 762 -388 -419 271 913 -538 -456 -513 351 -228 744 -795 -506 434 -934 970 846 493 649 -118 201 -458 679 -49 -255 617 -724 558 696 141 670 49 198 8 -753 -218 226 715 142 -8 -677 -656 947
-553 911 278 -102 -554 -682 357 -383 -529 -808 499 -891 237 899 -559 794 352 213 459 -687 486 -904 -854 -38 -943 -537 -741 -49 764 15 967 -930 509 -691 -284 588 529 313 -362 -536 -33 -78 -25 -418 862 546 774 518 945 -392 -815 19 -608 505 742 661 755 -210 54 27 -230 -386 559 -714 53 524 859 -708 -761 959 -462 -330 -2 922 -640 806 -835 822 719 -997 125 585 -410 -136 -795 867 -603 628 837 121 188 951 -331 -765 -569 -312 410 -31 725 -476
-137 543 548 499 103 757 -583 935 -930 -994 73 768 -858 -147 -636 -893 -267 -181 -840 -695 -972 361 -349 -754 576 555 -384 -716 397 702 -616 268 141 -734 421 196 37 -64 -751 -947 -532 -759 911 -176 779 -338 679 836 224 -657 -829 975 -922 68 316 -422 -240 -797 -675 303 -342 829 -941 -414 436 -744 -966 -672 -463 699 964 115 246 -386 -39 88 -867 890 155 87 -288 793 -409 240 -869 347 567 -723 -245 -470 282 -160 635 557 -256 -864 629 -832 -964 -794
-977 -949 231 -327 412 -726 -383 -679 -553 -188 472 -439 -956 49 803 535 -467 569 890 744 -916 -551 -785 216 977 518 -746 84 -268 567 990 -700 640 -801 -1 863 351 784 -582 -951 -948 421 -819 -316 585 275 674 587 -156 -202 -806 -802 159 -143 -807 907 489 -276 -219 644 -9 -751 -413 -271 436 -178 -111 879 461 582 306 905 76 207 -58 -972 827 -414 772 -403 -469 -78 473 564 -519 -10 -820 -238 955 298 193 637 -444 720 -758 -983 790 406 439 -768
714 879 -300 -254 311 292 198 -272 -41 784 -872 585 902 625 -205 939 118 -871 627 -327 200 -268 -207 610 -42 -618 556 -96 598 844 -266 -24 -149 -753 -299 903 662 -166 494 -447 -276 -487 683 -720 433 -338 241 105 -325 857 611 -130 672 -564 260 -610 137 -762 109 -503 199 47 -234 284 787 -221 -965 -873 805 -233 432 -682 -843 310 -607 455 -243 895 741 -453 88 551 248 391 -649 -444 -474 -289 888 -281 869 -252 -161 561 -676 931 220 -980 -399 530
-206 629 -470 678 -425 -173 580 -524 84 627 -45 482 475 538 752 651 881 -210 -458 508 -781 301 -8 -397 -11 796 -176 -117 387 67 688 607 -360 433 48 148 315 694 594 -9 72 922 -945 -375 419 -624 124 -389 446 -162 120 590 819 981 -487 -272 358 -875 -642 290 -431 -640 484 -748 -664 -25 485 205 -167 270 325 278 -246 -203 82 -660 213 316 -271 -14 486 -43 -705 929 803 -334 338 -997 595 -211 434 60 624 -320 374 789 -235 418 -245 368
-453 -309 -489 -727 -351 -128 -226 -251 165 -114 656 -36 -777 44 -907 217 8 303 542 146 -117 269 454 -782 -655 -548 -633 -931 -287 252 973 493 880 864 -834 443 -840 200 827 -236 535 -856 -695 -841 974 -239 417 594 -18 903 -237 636 -801 712 -382 924 -241 622 751 955 149 471 533 -445 -228 137 -770 -683 549 -182 151 -522 468 -288 -260 -844 530 500 -611 347 260 481 -325 -586 66 -46 -392 801 -213 -372 -363 788 58 -678 282 333 -291 902 811 259
11 195 372 667 -679 541 -633 680 -248 887 671 -450 651 233 990 484 -809 820 -62 896 -493 220 -298 721 -376 -169 -443 -51 516 77 -707 701 590 383 -366 693 -114 812 -877 276 237 335 -886 153 -176 916 -170 675 308 34 -356 -315 866 122 -748 -393 850 -761 982 -23 -166 -16 210 -401 -496 958 -512 -57 771 731 589 941 282 201 809 -419 -582 -498 68 155 829 142 -859 -67 -361 -635 939 -566 -502 7 503 -290 -420 -697 -122 -841 614 -727 106 507
362 -418 547 893 732 102 -876 -198 894 39 -983 548 575 -433 305 157 662 -219 -25 825 458 112 149 844 -14 -127 -564 -786 412 834 -588 -845 645 900 556 89 -440 -176 285 -504 -895 981 -848 614 208 -484 -303 -326 -366 -300 -625 -164 -419 -424 58 364 783 -971 -486 989 -117 -239 587 563 727 435 -379 817 923 -248 95 -558 521 860 524 -560 -659 722 661 -882 914 -125 868 -553 -208 -142 886 -134 -922 -741 595 -124 290 635 377 200 -408 483 77 -384
591 -984 855 859 281 302 -293 273 326 -625 -993 -307 -88 788 -50 501 -438 92 -75 -758 735 -55 -228 -966 -970 -431 146 -644 863 78 -679 -974 -789 208 462 716 831 196 -209 699 -167 -405 -818 -135 -637 109 558 -710 -100 806 460 337 -890 603 563 -380 397 442 -996 -302 864 974 -441 98 -814 -571 376 -809 -194 -844 933 514 -308 -278 -411 416 470 173 -745 -901 -804 38 216 609 -408 14 62 91 278 -251 -512 758 982 474 -285 -748 -19 165 607 -21
357 -954 611 100 -843 -475 321 507 -298 -428 -434 256 442 275 546 726 -931 467 793 805 -276 -71 -653 294 298 -427 -195 886 -441 834 918 655 -774 473 9 -395 -414 554 -51 954 -92 -281 199 391 -297 -677 -592 859 532 -74 14 516 801 216 -447 -587 450 858 165 22 975 933 -132 68 303 -193 -590 -581 346 781 373 -7 191 607 -919 683 -732 152 722 -210 352 -786 -685 767 -885 -28 -375 -127 872 762 -300 -111 822 80 -328 -988 -2 945 246 -981
-424 867 -224 -254 -864 508 -710 -568 360 -848 305 -807 -65 676 -881 813 16 -320 265 -646 -488 276 -657 181 436 703 -100 -976 -812 34 -650 169 -731 -744 316 258 146 -497 -651 733 387 -506 596 130 -759 667 -3 -53 757 -866 -605 -430 -537 688 -187 -780 762 648 -747 -574 -143 -525 -280 -851 244 204 -425 -618 -876 66 -909 157 -210 -382 -348 333 571 -485 -908 -818 -967 -42 301 -590 -509 -98 253 -545 -409 950 860 -840 168 -997 -126 296 -981 413 198 104
68 -436 217 927 -780 517 441 -814 547 576 -539 -324 920 586 -256 -854 -40 659 -271 264 -504 976 757 170 -21 144 -980 -407 -458 616 -235 -947 885 -353 -309 530 -664 -721 814 -486 174 -100 514 -927 135 -10 -336 -985 -401 -378 -41 -591 948 753 395 450 -655 -279 10 -671 -39 -535 -745 697 -603 -561 92 -889 465 -893 -360 -920 412 951 398 16 683 400 160 241 720 -894 -474 286 88 841 194 934 708 65 296 -448 997 -157 652 -313 -930 -720 -864 837
973 -869 -418 -462 -715 755 -100 51 -422 655 569 178 124 334 534 156 -77 602 -856 994 -295 848 -541 -952 749 -793 622 996 -225 -103 11 322 -484 -11 -966 417 -899 -139 541 -675 -213 -580 -72 491 866 -747 855 -271 574 527 183 374 515 938 828 -376 944 696 844 480 -569 564 -174 -928 875 -917 -738 300 286 -222 -135 859 -458 632 -211 -264 79 780 -444 206 431 -187 -640 -410 -693 -107 399 -454 -341 575 788 760 390 -979 106 -526 671 -255 135 929
-39 756 -886 192 733 374 224 -118 -941 -29 454 -907 -534 499 294 -422 237 -424 -201 -785 457 170 523 -16 -456 -85 -401 -479 -384 675 750 -357 -608 -766 688 923 -612 773 -366 867 427 978 -784 -478 -584 -292 -733 -399 576 -955 368 258 89 -374 175 731 143 892 -470 -769 -11 -415 -31 178 881 -726 18 257 -339 432 827 841 151 322 150 -65 547 -933 525 -154 -131 673 -124 350 -259 -679 533 -922 934 938 -555 540 8 -636 -98 182 25 -756 186 661
-808 -791 394 403 966 -864 -113 825 -260 -306 -88 -758 -750 -367 -66 -254 165 -407 -45 528 -23 -691 806 702 167 236 -972 -345 733 -934 -467 -184 -795 846 719 -678 831 -567 796 969 634 802 932 -171 561 -411 447 805 -805 549 -83 -912 730 -420 16 326 -78 19 62 461 -890 276 663 -398 -529 851 -830 870 367 185 113 385 601 489 199 -468 668 705 900 86 633 -679 35 200 -542 -172 -97 703 -918 -968 -289 974 590 -974 310 -246 -269 -559 929 -219
-801 -757 659 -917 -996 506 78 814 -694 -384 397 679 523 865 221 948 275 -121 244 -63 -91 656 -612 607 420 432 371 -93 -359 888 645 -739 663 699 256 -408 -294 189 -134 381 700 -573 -710 -868 -838 512 24 754 911 -210 727 -466 53 -963 -92 735 -679 -564 -421 -372 -864 662 -305 324 459 -156 -334 -697 -952 -406 909 -641 71 532 -352 246 604 211 -47 -623 230 650 54 -483 -318 -708 -232 -657 -132 -955 -523 -66 932 -317 -459 -159 -561 -530 605 -848
-811 -442 -902 -721 -458 -767 -503 138 37 -667 -557 -265 -328 -982 -398 404 518 -34 -149 774 -712 -364 -947 -973 -715 -985 991 775 305 814 -605 886 202 65 -663 560 -41 549 859 312 801 147 481 761 696 -520 802 15 73 268 -952 177 -544 698 -311 218 367 454 356 -814 -285 -256 634 537 224 405 525 956 428 -568 -748 934 507 392 44 -172 -158 -829 614 963 205 624 916 528 803 -18 903 953 643 -749 323 109 -694 125 -73 -919 -913 729 370 -152
2 -177 -733 -510 523 -914 174 693 -536 640 889 537 271 433 564 113 -110 548 412 738 562 -802 627 389 390 406 -452 -229 -140 -800 -163 -935 432 -144 -642 -985 973 -159 -415 280 -149 608 -366 515 -315 -124 394 -811 -188 141 -495 38 -462 998 501 500 -817 -372 233 -541 631 382 -271 -116 919 536 -505 332 383 -641 781 527 434 887 -924 700 488 88 167 -251 -606 511 170 267 -135 -976 795 -523 -796 359 695 -640 246 701 -280 -396 -26 106 477 660
690 144 -91 -767 140 973 -117 -350 668 -522 -176 -14 -425 -8 481 737 620 311 559 186 -794 119 401 36 -458 -138 -953 -24 -153 292 -404 645 205 164 -221 718 -367 933 558 -401 774 58 -307 627 -216 784 858 872 -219 -242 158 -462 -374 -590 -651 35 -543 -561 523 992 -359 765 -248 959 -265 810 -369 -5 31 53 -884 569 -492 -982 -376 318 199 -974 170 235 446 736 670 338 -615 940 -772 -205 197 -722 412 -13 -750 691 387 -900 693 573 971 414
[RUN #8 500 40]
-34 -385 732 566 -742 -341 -108 -966 71 715 97 17 646 -524 834 -250 -550 -67 -933 868 533 -24 716 997 -708 336 848 478 728 -585 -643 60 -621 -273 476 55 -452 521 -54 -536 -432 603 -144 -330 913 -570 373 61 912 -857 -356 570 221 -833 -965 -231 124 926 -822 -962 -400 674 705 -14 -767 405 463 -572 179 -506 195 -435 -332 362 717 368 964 -815 704 -968 -272 238 951 -169 328 410 -410 -267 792 938 -311 260 -113 -872 -596 636 928 192 287 -128 229 798 827 -306 -973 650 840 595 -929 -974 -637 -811 -947 111 861 762 -415 -294 -55 -760 -663 211 -866 622 -471 -472 784 -474 805 201 -597 691 306 554 -407 -547 565 -906 -925 49 21 -26 189 501 -916 95 161 621 -190 -62 150 -252 885 992 -44 -160 738 266 103 881 -927 662 -793 -359 94 -390 -935 113 -36 -828 -844 459 -889 -430 -648 -684 -521 26 -198 294 433 125 562 -170 694 932 559 -476 -248 -358 25 -707 -177 314 -280 434 -825 -656 -533 -839 -709 743 400 -494 -694 157 -428 -640 -711 -241 354 924 -625 -672 491 547 -112 -957 490 -703 -834 549 -253 -861 -227 869 -664 -45 409 -580 -627 183 843 -764 751 -271 952 495 984 -288 -881 53 -567 -744 172 546 -798 194 -439 412 155 580 -702 -413 -848 -293 371 -883 386 970 594 969 -698 -286 -673 -832 396 -142 583 -442 973 556 950 953 -130 -446 -493 -853 -462 -605 930 -369 -759 -994 -992 79 -987 -266 104 648 -455 959 28 261 -111 -603 309 545 64 -363 -905 -788 534 929 443 27 884 -22 444 -600 -155 -666 968 -61 875 -117 442 629 -29 -823 -392 256 620 -539 144 669 -285 725 -313 274 535 -234 259 657 -204 415 -343 -756 80 -633 527 -528 467 -776 544 -830 -339 945 -251 115 -154 -871 682 -850 -30 -51 170 542 821 782 -3 917 154 22 -120 278 -133 898 -375 338 -365 -93 -100 585 856 -516 -152 -6 858 799 -298 -665 -763 902 -481 -967 143 676 -200 722 -185 772 -729 -986 922 756 89 -110 862 -559 -732 596 -450 640 -876 54 -921 -687 196 465 541 811 -743 397 908 -773 487 290 479 -480 45 642 623 425 -178 276 -157 -124 -641 -64 131 -786 156 -554 -105 -736 793 -851 315 -25 -475 -807 -151 -99 -860 -937 310 -843 -162 -408 153 -939 -587 146 -810 982 284 -242 102 -658 -960 499 187 -999 865 -991 445 -328 82 680 -240 198 -784 174 -197 323 -76 35 -899 807 277 237 -143 -578 91 241 204 -258 -89 -445 766 513 686 -460 825 937 838 -84 -381 -399
714 766 521 321 -997 -926 634 684 851 849 -35 690 -82 -260 -120 795 785 -359 17 -182 -192 -270 770 -99 603 -488 30 -347 -708 171 458 854 929 142 -875 -26 -39 762 -612 -698 -571 -240 -791 -128 -188 353 40 783 380 404 -452 -278 -940 60 -579 708 147 180 707 203 -412 248 196 215 -555 648 450 -825 317 423 507 -58 -515 839 971 860 -995 -40 86 -230 669 -11 -857 364 -234 -97 -655 974 741 834 338 -851 781 177 -246 51 943 997 970 154 -665 378 -340 -786 -783 -963 -185 -741 411 944 -284 -398 -676 -761 -821 201 322 350 68 674 805 -437 493 728 -981 -37 -881 -521 -32 913 444 -422 643 651 -723 -856 120 -549 176 611 -429 105 -638 -709 475 545 717 486 -885 62 615 195 807 -961 -525 -884 -838 -381 -64 833 -514 -467 -536 472 439 -595 -136 -937 -634 80 681 -982 -578 -385 -264 447 -389 -603 -375 746 219 596 865 -633 -690 -694 537 580 -335 77 -785 31 790 -850 -443 -701 -588 599 845 -356 -866 -364 799 542 642 -977 -892 -768 761 263 546 -89 978 -746 -141 491 374 505 95 469 -645 -428 957 -993 -748 164 269 594 -258 721 -740 -497 -253 110 121 -911 -507 -635 892 -387 497 383 331 -476 998 -311 -438 430 401 99 -109 550 -466 7 -820 743 -991 -522 -490 433 576 -236 -652 385 -770 -854 242 -547 -576 -651 -680 -764 -421 -623 -804 -127 -618 138 150 -877 489 -43 -294 -296 424 623 -204 879 -896 -298 613 -227 528 936 -102 -744 894 852 -763 -80 72 461 302 -649 88 -146 -774 165 673 -660 -382 -828 -320 -566 312 526 702 -59 -341 -130 9 742 127 -498 -691 -859 -557 -729 -111 -491 -134 10 -847 976 189 517 228 925 -585 -48 777 464 -442 -193 682 18 838 967 794 -173 -956 878 627 817 828 -413 -782 -143 934 25 -509 435 181 829 -407 266 569 156 -731 853 253 178 133 79 -411 -345 369 -962 640 26 -853 -610 471 -190 34 -191 146 -144 518 548 -449 609 -21 -303 -469 -267 -229 754 209 -627 -168 366 595 -671 -551 612 485 820 -308 -198 436 -336 406 -613 -642 -288 -777 583 314 -401 617 628 277 -151 -367 948 665 252 -88 889 -55 65 206 141 -118 -468 326 511 -992 883 -621 -870 106 262 -787 732 530 679 -116 -598 -930 940 -160 -319 -889 644 125 91 46 649 -85 -348 -913 -693 -66 -304 -983 -275 211 -280 -79 -948 134 -968 -628 -609 93 -637 556 6 -617 715 979 -887 -206 965 -372 -817 -57 -906 415 802 22 -829 532 128 498 202 566 -425
-572 -603 442 327 716 548 -871 383 -275 -850 927 56 789 -430 145 -263 169 -632 -7 202 208 -28 -296 -222 280 484 -34 913 178 -41 -55 -169 107 -139 154 680 -123 490 905 385 -525 226 -991 367 -209 546 165 613 192 544 -208 -218 653 241 111 323 -463 -946 -293 539 505 302 -54 -479 43 -955 254 558 915 34 358 844 -741 195 874 536 -811 -117 -656 -10 170 356 -587 -257 -720 804 -947 103 389 -935 -611 -205 -21 590 -303 -635 -999 646 -652 351 30 397 61 476 769 -508 264 743 -763 -234 -245 138 78 700 295 -523 -956 -365 -221 163 -446 654 860 887 -510 -528 685 -535 -834 142 -608 446 -841 914 -418 -662 54 0 -973 -958 -76 906 387 -474 499 -645 847 736 -659 -564 603 -11 -761 -459 -49 -870 512 -738 567 -30 811 444 -654 117 -332 -791 473 -894 -598 640 23 -762 311 -241 -243 947 14 555 -395 -116 -273 681 -305 -439 283 -206 72 -862 794 60 -599 832 -657 157 825 326 -492 398 660 -601 -783 926 854 959 -91 461 297 28 969 -283 -47 -897 -616 210 15 -734 -543 -183 139 -323 121 102 749 -457 -483 -844 -126 683 919 -434 719 853 687 -447 884 -56 961 -354 281 974 -533 901 439 585 -385 -53 381 621 976 -184 21 282 410 3 -929 -767 951 -570 714 91 -565 -860 920 557 38 953 616 235 -381 -986 -252 71 -403 110 -804 180 -104 802 -191 -888 -858 -63 852 -776 -746 -92 -259 -288 -764 -475 -722 -628 987 -17 -289 569 537 704 698 -796 -859 819 -147 -66 260 581 -609 894 359 691 216 -476 -12 -784 670 20 108 625 -361 438 -164 730 606 -649 760 -5 -957 49 29 -61 183 388 892 -563 598 895 201 449 133 -627 -795 620 -987 -215 132 -818 275 278 771 -312 -42 -251 -284 883 425 291 -887 638 298 496 -112 399 491 -979 -150 -743 409 435 253 644 761 -750 198 -684 433 -195 -880 -200 32 596 419 -148 -201 -665 223 -580 -903 -561 -58 -246 135 268 -386 395 899 655 -177 839 365 826 -637 -840 -914 -378 -269 870 -211 -422 -495 -307 -714 -299 629 225 17 755 -362 448 600 229 -952 -95 321 715 -219 -43 447 -35 -207 -128 -144 -774 990 420 -646 161 501 -39 619 -189 -579 -73 -586 -256 862 -119 848 538 750 -226 467 233 868 -142 -874 -545 -50 675 -660 148 556 -778 -450 -726 -72 55 -640 -607 242 -84 -197 296 77 -152 483 342 950 173 -829 -31 -938 84 610 706 991 -247 104 -560 -158 910 497 -707 857 710 -68 495 -351 -619 -140 416
-562 -91 159 -962 -479 402 -543 -898 -317 320 -704 462 -705 -104 -805 -93 -669 404 838 229 818 226 -366 342 -657 907 -526 -593 -970 643 -952 -355 -351 914 59 565 570 -101 -921 12 -869 517 100 -782 795 356 774 -60 -761 -211 780 995 725 -703 153 189 -559 -611 -320 -571 32 110 750 -193 514 -430 662 479 919 -260 -383 865 354 741 191 -298 452 -995 734 -827 -3 156 986 482 -600 144 -299 -508 -832 -87 164 458 -799 -64 242 -143 -98 -609 -862 -424 256 237 -307 -599 16 265 341 523 -978 -868 -304 230 506 -73 96 978 762 -988 -49 -930 -67 21 -956 -565 -855 -695 -760 -395 -493 -775 822 -146 880 -189 13 212 952 -331 -545 724 -637 -220 -815 -723 -26 957 -321 18 -221 -196 -232 -436 -434 982 987 252 -505 -203 806 168 -124 -174 -115 728 -754 273 -789 432 820 884 51 221 792 608 -340 970 -687 -114 424 -729 614 -403 -648 684 372 810 -629 -154 -353 980 683 -622 964 433 155 -209 262 -552 -511 603 -454 815 4 103 -83 859 -239 58 93 76 -935 367 -785 653 134 -681 23 214 39 -486 -649 -90 322 269 852 668 313 -876 415 -948 416 25 512 832 671 101 856 -520 -230 323 149 431 -796 -684 940 -874 -48 54 -947 -348 844 560 -741 654 717 775 -356 -781 720 849 -215 508 -444 -504 -750 184 -938 -548 318 464 207 190 -145 -617 764 -946 -943 906 -763 -272 371 912 -130 785 574 -16 -337 484 -316 -523 -414 438 333 893 -903 475 841 -490 896 -907 -108 -378 979 220 -280 -44 988 -660 -129 352 317 467 -144 -776 535 575 -25 -656 -402 -148 -626 194 927 167 881 773 -77 -121 -368 -139 -32 261 -638 908 -553 53 527 319 732 87 -182 -241 -266 -474 584 203 78 171 -623 -384 942 130 185 -890 -516 -290 64 -634 175 388 -931 -844 536 -631 491 537 -170 -920 160 -556 702 623 -585 198 71 -923 547 11 -945 -40 -45 -534 -650 377 994 -41 837 713 -330 -730 -676 895 -661 -618 82 70 703 -484 451 -376 977 889 929 -959 763 -795 -582 390 601 -128 -696 611 928 468 -72 -247 983 338 790 -285 -94 -43 277 599 672 -982 568 -296 473 -755 136 -738 -7 655 55 -74 -748 559 -742 -668 948 -245 -512 769 953 -733 688 -577 -165 626 -969 469 150 -811 -769 104 92 687 -645 278 316 496 -379 -662 -262 -339 -116 -913 -465 -63 -802 770 658 610 -691 946 -773 -756 -558 -85 227 459 -198 -991 -132 616 -292 738 -88 -326 692 99 -847 -333 607 -462 -344 956 157 472
39 -910 697 546 327 136 -196 702 789 89 -233 759 -24 420 -123 196 797 -741 -395 727 944 993 827 -549 109 754 709 -92 635 335 -343 682 409 412 168 655 -53 -160 86 -138 243 -495 -542 -380 -984 -901 527 -188 414 -320 897 3 -466 119 249 934 -907 703 -577 -49 -93 41 -413 550 430 365 -454 -755 -397 728 -14 -169 429 -301 -270 -189 512 -794 -530 659 -926 824 -570 -271 209 -949 126 -849 381 568 471 -552 -522 264 -386 352 902 129 -510 21 -947 698 -694 495 662 191 431 -693 595 -582 -177 61 -279 -400 160 610 -603 -968 -695 -492 629 882 378 402 -11 971 111 219 -607 177 -614 -589 316 770 -286 324 -518 876 -609 -789 -524 -934 389 618 -312 -754 937 932 522 486 584 -358 123 710 45 -638 -655 -58 482 271 80 331 -30 -216 973 181 428 301 -780 583 -626 72 -708 572 406 229 24 251 -534 -372 65 228 867 -213 -889 -481 805 -912 280 881 -594 -159 -719 -222 -841 925 791 -612 173 -528 854 485 -57 -27 82 -19 670 375 374 -303 749 208 611 -440 145 534 248 -976 893 784 -732 499 223 -388 -674 -937 858 -228 501 -539 423 -418 408 152 -642 761 463 -493 -986 891 -596 -854 903 20 415 -663 913 441 -724 368 505 142 938 -141 -791 -340 562 454 337 55 -558 -637 581 286 4 552 819 403 -175 294 -202 68 330 987 -245 221 -784 939 599 -459 -291 -91 -672 419 -839 -903 786 918 -356 76 -667 236 575 -192 127 -808 -252 -941 -499 -915 -206 -322 504 -449 511 632 -576 -525 510 557 -706 -426 -36 883 -717 943 537 351 656 -42 748 951 458 -258 130 -733 733 -427 735 936 -67 -414 -517 -497 929 -246 95 840 -295 715 602 800 -872 -608 -962 -155 807 560 -715 -360 -298 624 -744 887 -536 -765 666 -555 -346 -435 -154 -785 774 -790 636 536 164 -602 214 87 288 -759 -543 282 736 904 -738 -593 530 270 13 493 -573 -658 -373 500 626 -711 -581 -369 732 -641 -80 146 218 -688 -187 758 878 724 672 722 649 582 603 -806 692 -811 708 -762 -352 612 -318 275 290 598 615 -698 779 305 669 -264 -444 266 -673 227 114 933 386 487 -248 -836 -904 578 -221 -182 503 601 -463 -105 606 -511 554 230 680 -835 -557 -885 -918 -44 315 909 492 -763 -798 216 329 -181 63 -351 437 300 -62 -98 -415 547 -867 -580 -128 -964 302 151 416 -54 -725 387 725 -349 367 -50 843 -757 -882 648 -431 751 338 -565 133 517 -467 810 743 -503 -981 -661 -840 180 334 8
-345 327 247 451 -366 62 -185 -423 727 -885 -275 834 459 119 -657 -741 -162 851 20 792 186 844 102 -901 829 402 963 -921 694 931 -532 69 70 -497 -556 -851 -998 -470 -701 731 17 842 -378 527 -880 -480 -557 331 -389 353 -777 -786 222 -801 -237 488 294 873 -687 -857 660 761 629 298 678 816 -496 -422 998 630 -548 392 740 754 -784 428 927 668 671 -522 512 -23 848 -263 -875 -969 -654 -536 -913 -241 -771 -748 478 -968 598 599 -850 -125 110 405 -256 725 -984 -846 705 -816 -21 -7 -457 288 -139 -10 570 -567 332 273 -628 -652 -283 -100 510 514 -983 205 92 -878 275 -456 -516 581 127 446 -225 -459 64 -742 -379 936 607 729 -791 470 -894 354 -375 237 918 454 -78 83 72 180 -531 293 933 -814 -715 650 859 361 -873 -749 141 882 -276 669 763 -770 295 -674 -66 -268 -745 -156 -507 -350 261 -566 958 552 -717 175 726 612 556 -269 715 953 -16 -464 -130 -387 -27 -554 94 -359 984 555 -77 -952 -728 769 951 -402 -417 -410 -17 -214 910 287 -862 183 -999 -295 -661 -173 -938 -348 -660 -217 -986 -673 762 915 -685 -36 746 412 982 -483 -844 -570 120 368 -315 4 939 846 -669 -550 985 750 838 -568 817 5 370 142 -607 16 -333 890 -257 -555 574 912 202 791 -752 888 -743 541 719 784 -57 768 481 -440 -321 670 -908 -690 -18 -362 -774 403 43 449 -303 505 -773 -189 -353 -372 172 861 -314 558 42 -352 -720 -612 881 -810 -309 423 900 -81 -929 -766 136 -780 887 -859 634 -479 394 952 -892 147 425 129 -296 -613 -24 917 -240 444 618 -31 37 -35 695 342 116 -343 -597 -191 -630 -956 376 -495 383 344 -11 622 84 821 -213 522 -664 722 -631 -428 -253 971 560 -382 138 625 -8 -541 -349 461 -994 615 -96 153 -659 -279 -502 -288 -222 -398 536 862 -153 150 -665 516 -84 -946 496 -148 -649 -195 -980 -468 -521 -583 790 -346 -611 -129 686 -49 -202 26 210 -960 -298 -582 909 638 815 -392 -642 645 416 -63 48 583 699 901 -404 -287 156 -809 -644 -985 -90 458 398 437 40 -760 49 775 752 532 -220 453 418 -817 698 98 199 -966 654 184 742 579 191 -693 -981 -927 -610 -792 -373 53 244 296 687 159 414 -870 106 409 -937 899 -20 756 987 857 995 192 -85 636 -799 -120 -290 605 -55 -383 -833 720 90 -484 203 658 385 -756 -306 -746 77 322 359 -458 585 -524 -882 989 -234 -860 831 442 -463 642 -337 477 646 -330 -974 164 352 -438 -797 -391 -866 -876
-221 998 -927 347 -43 8 -742 -854 -287 -966 -454 471 421 -975 5 71 581 -719 -805 -164 -931 525 -151 1 553 -106 -208 -476 906 365 687 904 645 -538 905 567 -268 -822 804 185 -69 -482 816 79 837 669 433 -50 -226 85 723 50 -798 -812 -240 355 982 552 413 -920 -411 -706 733 -606 -211 424 -589 -89 138 -389 448 -276 -955 -696 -779 688 -841 227 697 -364 472 -457 -542 707 248 257 -193 -630 92 -102 -846 47 444 -659 371 732 -24 -320 -486 -652 -856 -651 -842 916 -422 -819 634 199 799 -272 379 -183 -590 281 639 651 632 -139 684 418 484 -8 -702 256 231 721 -327 736 -434 -192 339 127 276 947 -241 349 587 -38 629 -980 -323 218 -823 299 -346 -282 60 -500 -432 473 499 621 -471 407 -670 290 -66 -707 -524 685 -333 -399 -929 -848 -803 -174 -948 -489 -623 456 -938 -213 -617 -331 194 -987 956 -902 -882 -831 -743 -358 -596 -525 49 -292 561 716 -547 885 239 777 -458 -523 847 353 -40 56 960 -997 441 131 277 -135 609 -410 42 -556 -910 944 398 -737 -280 881 458 -555 391 802 447 233 -508 997 23 -256 926 864 928 757 106 370 -995 912 -464 628 768 -153 103 243 300 -661 898 584 -767 242 -954 437 122 -541 -63 -968 -739 535 659 363 59 -860 986 397 -990 554 -84 -852 -21 434 -71 259 -448 718 -881 409 -330 919 860 -813 118 -516 743 -626 -23 -136 -332 -2 862 -466 -186 543 163 512 712 796 204 -567 167 -143 -793 -5 644 280 -565 2 -214 -261 758 289 449 -996 574 288 722 -827 -176 158 -759 918 439 511 -302 702 752 -492 -490 941 207 90 -190 -446 -776 -572 -93 870 423 -642 630 878 378 -379 -876 -963 760 948 -16 -888 508 -608 691 -244 -119 501 -619 -263 174 126 -14 -960 250 -717 -553 729 -636 518 -206 351 343 495 934 271 -41 -808 17 -22 -622 36 316 -704 329 436 -177 -923 7 -595 76 770 180 -625 538 -473 -30 -288 829 420 -994 114 68 857 -147 -204 236 950 205 -431 627 731 117 40 301 -847 -637 903 831 921 183 -912 -125 -872 345 125 115 33 -754 -396 515 435 -59 200 819 -879 -158 854 358 -663 -234 938 945 642 488 -6 791 942 -949 933 -584 542 -10 482 4 556 -940 -87 -891 287 -713 -964 -886 -180 -824 -943 334 670 -264 835 -137 -322 123 -382 -837 -601 -339 978 848 -582 875 -981 314 -957 842 -647 171 278 -575 -571 -304 969 -687 -985 485 536 818 30 900 21 -429 -692 465 294 995 910 778 70 -391 573
775 -613 529 -473 721 -818 654 882 11 -142 83 486 82 138 -982 439 889 -18 -453 -508 482 -735 736 630 -152 345 367 -840 -884 732 -662 -327 407 761 348 17 -219 -503 423 618 303 198 51 523 -52 -609 240 504 385 244 165 -900 -673 -138 491 117 171 -441 -612 -859 715 149 -762 998 -134 86 -601 -999 -362 479 643 -338 -113 -38 -922 740 396 -574 869 648 -200 211 757 -791 710 569 -472 584 218 997 999 281 956 -773 832 -501 925 -5 -582 790 -220 -263 427 -218 919 969 708 -184 242 -98 -687 187 -471 416 -253 -786 -356 745 -771 -227 2 549 -228 343 67 75 58 917 -149 -101 251 -151 108 353 -224 340 305 502 472 -42 -624 89 -906 753 -290 -237 -181 628 107 -565 694 -896 220 -787 -122 -274 -861 -571 -917 886 -457 636 111 -91 -994 -929 -707 492 -115 -494 -897 19 -94 602 -824 -716 -123 -243 700 -586 -914 274 -544 -846 -733 92 -758 414 -240 -316 -890 846 -168 -902 508 476 -600 -135 -639 -698 -755 669 -254 699 -529 706 -540 62 731 -363 143 -22 -920 375 130 858 551 145 -637 426 577 -591 -412 -987 -493 -370 -247 -505 617 649 -103 692 475 64 -678 520 817 21 152 -281 944 -58 -543 -296 273 -580 399 -700 516 450 168 136 308 -652 -214 982 200 -426 237 873 -504 -519 854 -812 -590 -165 -484 301 -440 -814 -41 -990 297 -139 -844 74 537 -587 -497 -399 -511 -297 557 -469 -800 -6 515 205 -272 894 -86 -415 531 -680 937 -215 -378 564 939 -936 425 172 611 952 182 -242 -525 696 -150 56 -802 -899 -192 -24 189 216 717 116 -189 -677 -772 -467 -865 -490 -340 -863 -872 675 257 730 -448 -361 -158 -102 -991 679 261 863 185 -74 -760 -831 -655 13 -345 -85 859 -365 202 662 -767 54 -822 -667 -572 -125 -489 686 923 776 408 -59 -375 126 485 -369 511 600 57 37 -379 782 -336 234 -530 830 -693 -581 114 965 -597 -627 -381 963 415 -387 -777 -752 -446 -691 -973 -779 734 232 714 -343 777 -825 981 99 798 544 -455 593 310 -942 -723 331 -894 325 -324 368 -259 -334 -21 -596 -280 287 50 792 70 188 -315 -983 32 601 371 -112 417 559 -81 -659 -628 576 657 -546 -124 -221 573 270 796 671 -607 -8 -960 -992 -654 -728 -645 266 553 -452 574 -330 -515 80 -400 -10 252 857 704 133 528 590 -592 723 464 -92 524 121 629 -585 447 147 63 685 -616 -952 -271 -44 337 932 655 -909 -783 -234 442 822 -955 -438 372 -159 681 711 214 102 -512 -216 157 -462
-77 295 528 -190 -329 1 730 261 833 673 -954 -681 -578 -250 623 -367 414 210 884 -285 -781 686 365 791 712 971 -105 -806 -337 508 842 611 752 -17 -353 796 862 -948 -937 887 -98 310 713 631 -304 200 -176 -527 -325 -233 370 79 100 -355 -524 -621 714 368 640 -568 -553 150 813 925 705 -248 323 -930 756 872 -649 -545 -683 788 -376 -141 379 -819 -227 -793 -406 272 -597 30 -623 505 476 -886 407 393 -968 -717 -543 689 -150 -641 143 -444 -729 764 -179 -541 -784 -229 -81 -622 -517 -995 -220 760 -484 -264 -698 337 456 107 155 860 408 172 590 -752 32 -219 -504 -173 447 997 -796 624 -897 716 -746 -813 -536 797 -753 895 -888 335 570 816 -512 -743 696 305 298 586 -5 -777 554 -328 628 -537 334 444 -404 -840 637 307 811 790 -475 -859 -738 -313 -960 -765 -186 -810 -836 -748 445 273 -547 747 -565 -162 -263 240 -115 336 -192 246 250 -749 -659 704 309 -721 -816 144 643 68 -119 -288 824 -303 460 -515 -155 -583 276 29 724 118 -59 467 427 101 576 487 843 -636 296 991 804 881 -890 -761 -861 401 632 190 -79 -486 618 209 -178 -151 975 -805 814 12 904 787 908 -838 773 224 825 -823 -521 484 -885 -770 589 -216 996 -306 -286 493 416 -343 -180 138 -818 -663 219 -632 -360 -397 -714 151 890 459 645 -914 154 480 -221 262 -282 -234 -101 -251 -48 962 516 214 -531 -899 119 58 -153 562 44 -235 -760 605 -707 -569 423 397 358 646 433 -454 -208 974 42 775 396 538 -875 -833 441 -756 -316 -143 372 -70 -591 123 -146 786 -401 11 176 -339 -53 -919 -499 771 -44 80 -12 -85 -385 563 588 -209 -514 720 232 -195 -426 236 -867 -184 -295 -247 -979 -687 -340 -318 -666 -582 947 -924 -273 -74 -439 -456 195 -669 324 534 25 10 -110 72 134 -118 614 -645 561 839 -849 116 -974 -868 346 -592 681 227 293 978 415 785 -854 -589 827 625 228 644 940 677 -539 326 782 -135 -165 -566 610 -469 -434 820 -650 56 -947 688 -116 -36 873 -601 795 -364 541 883 299 878 -672 -561 789 -506 268 735 -642 -226 270 -535 -382 -655 552 -351 312 515 840 -821 870 -828 -700 -490 -437 828 -941 982 950 622 -803 -69 897 -42 74 -614 284 -618 509 -891 930 263 -722 826 -925 -374 -172 424 -171 851 910 809 -741 -33 -510 353 -605 -92 -500 875 -352 966 340 88 -310 -701 -257 919 742 -719 915 152 418 -60 -324 858 426 838 767 451 -104 621 -61 -111 -611 247 186 -470 145 -291
515 -876 471 -732 -445 339 403 284 -478 459 -329 969 16 -858 410 310 627 759 -462 89 779 750 -328 976 -135 -354 -555 207 720 590 705 512 -588 199 450 -998 722 484 -766 32 101 275 593 354 514 -91 -137 -118 960 -70 630 366 991 541 167 595 -539 697 -989 -343 342 295 160 -571 189 -77 606 718 430 -2 183 -809 -975 269 -44 778 -825 -367 440 -672 -491 544 -610 -209 -613 901 107 -473 278 18 -84 -843 933 529 -38 -497 560 -223 744 -147 61 -931 466 173 -665 281 -456 -212 -994 -816 29 -829 -659 -39 746 496 745 -874 973 909 -859 653 -350 -431 -981 -701 691 497 -602 429 782 335 -94 -545 982 -186 -538 586 916 -476 105 -31 480 563 -160 324 -517 -807 -341 -114 583 -163 86 -371 -178 941 -906 490 -954 499 956 603 -556 153 -585 -844 -864 370 -418 -270 5 -234 -421 780 -882 992 713 604 -919 892 399 -873 -865 402 957 -511 372 -783 -334 100 806 53 726 511 -308 -215 -464 942 219 -390 -80 104 289 -794 -925 905 282 537 486 820 -887 -848 -51 70 628 -893 857 572 -340 -150 481 690 -468 -773 -928 -756 -850 -424 659 -875 -791 611 -304 684 149 601 -498 -60 420 433 -256 -208 435 -325 776 412 -685 753 -488 -663 -285 208 866 -908 -133 935 -796 770 556 -69 -630 -261 532 198 -637 -82 -705 172 -952 827 -677 -439 -514 766 693 317 498 425 -428 414 -376 139 -567 698 -280 -364 -356 929 -723 958 -521 -205 375 967 421 -983 -688 522 291 518 927 468 331 314 547 -105 769 -130 -214 -999 -87 900 350 97 -217 325 921 469 843 286 488 307 716 294 923 638 99 -910 -966 856 -806 -593 826 -867 936 859 -28 -75 -477 888 -869 -651 -189 747 -757 0 -964 615 415 221 -245 619 120 -749 -963 839 632 913 -40 613 999 239 519 -98 285 951 845 671 -978 642 447 751 687 -759 152 445 262 -67 -737 608 -553 -797 738 -365 -415 -643 -366 -985 791 649 664 -427 -727 -920 -360 -524 -20 943 946 -455 771 -889 580 161 -236 -43 -747 -474 136 -743 118 -840 184 -590 -349 355 348 -695 -626 20 68 -926 -896 -351 908 -682 -557 688 591 -398 -570 -386 26 272 -182 -125 257 -598 -88 204 -681 -438 -352 456 -106 -823 -787 -458 301 -990 -292 -1 -115 -505 -336 -167 -885 -670 -232 264 417 487 -169 570 -866 246 729 377 567 689 509 -684 740 -359 676 980 -662 30 -734 -687 -679 966 737 -155 -740 -53 757 683 237 467 536 -680 -481 767 494 409 -457 365 934 -949
933 505 -476 146 326 -177 -276 -985 69 -489 886 309 -573 -390 -500 157 -124 -518 901 -387 -627 -273 110 681 805 562 73 911 -836 -586 856 502 -284 779 918 -305 -232 0 -289 401 -275 -533 -490 847 -142 -525 -783 429 27 -25 660 -217 -184 -633 -165 -513 -643 -441 423 881 -879 -543 -225 568 -647 896 -368 79 -865 -983 662 -945 -206 228 989 -756 -499 95 -482 -14 -894 -392 64 374 -798 -222 715 93 -140 171 884 -200 -916 857 489 453 -104 252 -271 900 936 -729 -862 158 179 774 655 227 305 413 -907 -797 -323 965 -457 490 241 -27 428 824 287 697 253 663 628 -418 394 -176 -126 -80 350 -257 -583 -632 550 -757 220 119 983 -671 -497 543 -65 -691 552 334 -337 -243 -381 -971 481 754 788 175 352 948 801 -353 -334 868 841 -994 206 248 -709 -189 769 586 82 -160 -467 -193 -876 -937 679 -733 211 471 611 -786 71 22 412 -79 329 -742 812 111 861 -544 -445 -650 300 533 308 -851 310 -753 657 498 880 360 -585 180 -480 939 187 -997 153 -956 -139 -737 -553 -686 618 276 298 -541 -49 -44 895 316 -152 -557 551 -606 -883 -917 -129 -910 770 544 -913 3 30 -330 233 756 820 -315 -966 141 -607 559 -486 -802 -637 173 -361 -552 627 497 -86 -400 41 -61 -693 -204 -992 469 798 991 755 891 -281 98 581 -918 -517 -327 542 319 399 484 -371 151 -998 -976 476 468 -26 51 520 106 -640 -402 632 321 -625 634 396 -793 684 225 -943 12 105 -451 202 -754 147 -657 661 589 355 42 176 751 272 -946 -363 231 85 367 -112 -706 -114 -15 410 -194 -417 -416 -60 -548 610 719 -815 -566 450 288 -300 -677 -192 339 885 388 658 862 637 -100 651 -615 514 -542 -342 -260 666 -279 113 689 415 -336 981 163 980 -175 915 -99 957 6 279 49 192 765 342 -4 366 894 -196 -272 827 717 -149 -59 -511 685 563 -156 438 29 -800 -282 -464 344 889 -598 -191 667 649 -163 -75 -854 -469 170 198 584 892 875 -108 -538 155 606 734 358 698 -897 -106 26 408 -252 -313 626 964 907 -811 -547 654 -58 -394 -923 15 336 -248 492 809 -253 -515 181 -982 -774 -325 536 -560 -293 -386 -383 108 487 898 -374 -887 656 635 7 203 380 -571 -716 -72 -731 -562 -316 835 -110 683 507 -715 -961 516 78 -711 540 346 -977 -794 480 207 271 -143 -600 361 -980 -988 353 -576 -496 -153 265 10 -56 190 829 -857 512 646 802 859 580 976 -328 311 -659 -979 -297 318 -309 -931 823 686 477
-460 -384 816 -748 -880 271 -372 -454 545 640 92 263 942 273 -8 198 -727 768 267 -674 -595 -9 723 623 567 634 810 700 378 952 993 487 584 340 618 -137 -301 98 -260 -959 -547 118 478 -617 -519 884 739 778 366 130 61 -682 418 685 532 -932 -393 -804 -569 590 -690 -363 529 566 419 -543 -10 928 -375 -564 -493 -828 -835 -726 -626 -825 363 -113 323 383 -56 829 -544 813 -171 277 24 452 417 3 -689 -516 -915 429 -874 124 -890 -382 -277 479 123 667 975 -426 206 -843 -354 514 -197 523 91 423 951 -294 -968 276 320 -104 -997 -156 900 717 -845 -644 388 -402 -786 -535 71 184 450 686 -80 45 -954 -697 -625 533 596 229 326 211 482 -525 -51 -947 758 619 50 -881 934 -189 -39 886 -45 -261 -872 -329 -713 -779 -210 -299 370 -415 -89 840 193 79 727 592 530 790 -344 651 -616 -539 129 673 409 -32 -602 -775 239 749 -680 -891 154 832 -437 -657 -237 447 28 577 249 -613 -55 259 624 -618 -912 -639 -108 228 362 698 903 -40 171 236 -122 394 620 -498 -635 550 335 -546 -143 859 347 494 -223 844 -164 -496 -145 -186 -1000 -984 -800 -124 905 481 842 -604 -243 984 -244 641 -134 -702 752 646 757 -961 -520 180 501 972 777 -598 -816 163 190 779 -484 189 570 235 38 869 218 -254 -64 321 -875 -473 -349 803 -172 -54 284 703 -271 468 396 289 433 569 -770 220 -983 -218 0 437 -970 516 -53 670 -678 313 722 -68 -95 88 674 44 412 -953 -316 -391 205 -903 -619 -43 521 548 402 -392 106 637 -119 -458 -355 -58 299 -255 522 604 37 151 -515 682 -632 269 -583 -421 51 -585 -295 -599 275 170 -389 967 -378 -446 -425 -381 -969 352 597 -445 873 357 -987 -17 -518 405 728 746 -184 -996 811 -778 408 -849 825 -576 -744 -367 760 395 -851 169 -530 519 666 322 311 726 414 -700 -241 734 216 6 -675 632 -532 -908 22 26 448 -948 219 283 904 -578 491 -166 207 -379 -183 -811 821 -784 68 -694 -701 861 608 153 -356 -118 -719 -322 -182 -534 23 -338 -97 503 -448 837 -977 -743 745 27 490 -65 336 440 -650 693 -555 -348 -634 -306 -296 -33 665 -42 181 -722 831 -441 898 -494 256 108 -161 797 565 962 721 793 175 612 894 -870 563 -407 783 280 -22 571 -90 -253 -225 -406 939 -962 -408 99 179 556 615 317 -501 833 806 294 -77 822 789 346 -715 55 -963 -853 -735 953 -662 -401 594 247 -7 33 35 -856 421 -806 133 -636 305 -975 83 -66
919 -973 -603 949 678 -410 838 597 -923 -733 53 498 -647 -700 812 -259 142 -443 -73 -428 901 -138 -985 -191 842 353 -796 -578 -759 -601 -521 375 -14 -374 -26 272 -677 705 97 652 -861 706 598 -71 -180 -836 -613 -586 404 587 971 201 -881 771 -975 723 -645 377 -42 -285 115 89 -707 284 -44 519 296 -263 851 -275 822 -999 -619 18 -340 998 -173 209 80 557 736 874 396 -184 -718 628 -162 335 383 -176 -770 -535 515 671 211 -303 609 744 251 -952 -487 15 -179 -910 103 -993 589 -719 -998 -966 -528 757 530 -358 783 843 279 194 -436 65 477 663 -342 302 777 -218 -944 -648 -547 -237 204 -793 615 806 -962 76 -643 714 766 -145 820 -15 849 356 794 959 -183 665 -885 -396 -665 -354 64 289 -195 -165 -483 -928 -289 -663 -840 -964 218 -658 -63 -642 -544 -625 -903 256 993 -478 568 -540 -518 697 176 987 111 711 334 101 647 303 -333 331 366 371 -216 540 614 310 410 -295 -807 -847 -402 -187 956 450 -652 -485 141 -516 -177 -312 -433 764 570 308 415 -365 147 605 929 139 915 32 -571 905 -748 734 -389 -214 205 960 451 855 548 776 -224 397 -190 -745 -504 -92 -311 121 -286 -653 212 -2 -356 -712 -322 -467 686 -694 725 603 -139 -657 -388 869 689 -569 818 861 116 -87 654 660 588 -472 511 -441 369 -888 -974 708 940 411 -606 -641 86 306 539 88 625 -55 -945 -306 -735 -272 -386 373 -292 106 696 79 -314 955 -627 780 580 -698 -608 -90 595 -247 236 78 -72 -594 457 -86 215 217 503 -198 -742 -143 -79 -921 -946 700 657 -955 957 664 -755 -890 -654 607 185 16 -562 -714 537 -120 46 230 934 -446 761 -688 810 102 831 -541 -489 -169 -451 692 688 206 747 -437 214 -942 -219 701 -646 -496 263 -644 -167 27 726 168 -676 270 418 -221 -685 403 -88 -846 863 975 928 -749 51 351 489 -633 -178 633 -914 561 -232 -16 853 -242 -558 913 636 -572 -37 -453 -464 735 577 789 381 392 -639 -490 -462 742 -30 -524 398 437 290 189 360 348 724 -788 339 -64 463 -261 -852 -937 658 -170 -126 110 -241 -210 338 -727 -164 -739 -466 443 358 891 859 -250 538 -591 -6 -953 793 786 -404 81 -351 266 813 -684 409 246 -495 -457 385 219 -791 158 -667 693 -474 326 -549 271 672 -851 -557 95 324 117 62 -212 -383 784 70 -398 406 -115 379 -649 825 245 -293 30 420 -70 846 -532 -359 -760 645 528 -611 892 -554 441 836 -947 -938 388 -491 -328 -750 -527 -209 -498
-82 770 307 -306 322 35 -602 98 -280 -228 866 -283 817 -346 386 504 -203 478 635 667 394 961 -14 107 -739 284 420 -808 -182 32 -266 102 -644 -938 -775 732 44 -699 -197 555 985 -538 525 -188 581 240 -704 -534 -350 935 558 -693 -863 807 13 867 895 941 496 -981 -273 919 -67 494 685 -90 -915 953 -496 116 503 94 -294 -459 696 -589 -278 -462 129 890 996 -861 702 735 -961 -94 929 -215 620 72 -772 -934 88 299 -634 -356 923 -361 -191 553 412 128 679 -282 -15 794 790 902 -603 -251 -249 -213 -547 -205 47 101 -555 791 717 368 206 892 837 -470 -477 384 438 -645 477 526 -445 -550 -656 -553 -96 502 943 163 363 -558 -941 -507 -520 230 30 167 937 -448 286 -812 891 175 798 -575 415 320 335 -222 407 -871 508 -716 560 673 898 -246 293 -624 82 656 -198 914 612 -420 -7 -9 -987 676 243 143 896 -422 -988 -58 849 -890 882 758 874 -62 773 -985 793 261 -437 992 -613 -127 263 889 421 -886 -81 -971 -210 551 153 81 700 870 -978 291 -169 435 301 158 -86 246 -761 543 598 -174 738 396 458 565 -64 257 -114 467 847 -296 728 -682 -727 999 974 290 -696 67 -165 -323 -548 336 -207 425 -872 -341 -51 -101 662 111 437 -649 -956 345 332 -579 -446 561 -910 -839 -186 -862 -546 864 -31 -797 998 212 397 -3 -134 60 -794 -443 184 321 -465 -666 260 488 855 457 813 -486 811 597 -16 547 125 -339 -330 108 824 -352 -381 -568 -594 -417 750 -34 483 -152 -415 -817 842 392 -218 -298 289 155 -387 -904 282 -110 -327 431 858 -66 -337 -332 -303 875 -571 -318 -322 -837 787 -995 -551 1 247 29 538 776 -214 -423 515 132 -731 563 -68 710 646 -909 664 -512 -741 56 -928 -792 95 210 177 810 569 -702 -171 619 -819 6 -830 848 330 -569 631 372 -876 707 567 -845 245 -947 313 -314 -487 55 -884 427 911 379 698 -718 641 -665 376 -994 382 14 -162 -730 -641 -804 -733 775 -999 506 -320 -992 -749 852 -407 -793 -596 692 621 310 589 -717 -784 665 -715 -703 -720 -917 -976 -130 714 -425 -866 994 -620 778 -632 -714 840 -172 -609 242 491 -374 476 -708 -200 440 -732 -723 694 -828 398 -315 927 699 -272 356 -966 -398 334 -562 22 -622 23 416 712 294 369 -497 -943 57 265 -411 -776 -493 -37 695 366 899 -726 -109 625 -688 872 104 800 -736 -905 844 -436 -734 761 -945 -897 -860 833 -265 879 -676 333 276 -466 574 818 2 -235 668 -5 -657 205 572
-731 46 880 -883 -349 -627 -633 -360 -982 -402 -458 -364 405 629 883 408 -774 365 485 932 481 -237 62 77 32 -328 -775 790 35 -686 122 491 -712 -631 -227 339 942 111 -447 428 689 455 -807 -233 970 434 -565 397 -752 658 -927 848 624 -835 457 391 494 -76 -702 802 -97 575 146 741 -56 -549 -600 -305 683 -615 345 582 -803 134 742 -866 934 690 94 826 -542 31 987 907 -153 698 -672 -167 572 621 -830 795 315 -832 -222 -700 447 -357 -413 12 -199 -121 -221 138 -308 -869 -629 427 643 -77 -903 -63 375 896 853 761 -416 517 -332 -361 -184 -619 200 -521 -705 295 -258 971 51 864 770 -178 -197 966 48 -129 -322 -452 909 -772 -876 68 471 -701 -642 957 -604 -294 368 921 -640 831 -607 106 -761 280 8 213 -673 -856 -130 860 -333 160 259 926 -120 798 919 -848 -777 50 -150 -254 55 253 -157 -429 -739 -750 273 238 -729 -123 894 298 -665 -520 540 -363 82 -991 -420 -810 777 567 -439 -943 -424 691 -685 -969 617 -919 807 235 875 999 -154 431 -245 -125 532 -169 879 585 556 -891 523 429 -226 -680 -139 -843 326 519 -309 -275 -681 -908 -944 -740 -879 939 156 -523 -660 -323 -203 -142 461 296 -831 -780 737 -899 -108 -114 52 -445 596 -260 -529 364 -385 -733 -13 -746 -10 -478 814 963 -65 602 -35 -737 210 -935 -144 -71 -770 -711 -299 -588 112 78 747 678 -988 -597 166 -29 561 -945 250 955 828 -409 603 -354 547 373 -570 535 398 424 553 979 311 904 -292 -638 28 859 688 -483 -812 -23 -433 152 958 -58 -89 886 936 -247 -787 -720 856 866 843 -43 277 759 382 -230 341 190 912 969 -453 -358 512 -887 -571 513 104 708 851 837 510 -574 310 787 331 -325 -894 -929 -841 -201 -69 566 186 -52 752 945 107 -263 -783 -990 222 -795 435 -165 -586 -96 479 -28 361 577 576 -204 595 -244 680 660 538 -493 -185 355 -913 390 356 453 -423 -327 507 -564 989 823 477 892 -762 800 -785 395 639 574 -412 216 -684 -135 -213 -79 686 701 26 297 -106 -996 174 -606 687 38 -88 -907 -212 -476 336 470 615 -272 565 601 724 709 412 -214 696 -55 -264 322 -170 960 -531 -650 611 796 -767 -536 -637 996 282 180 482 -946 -557 914 -277 -953 614 -580 99 580 769 168 -647 -485 571 -823 387 986 -4 -538 221 -482 967 917 444 760 478 124 -905 203 10 -649 -320 558 841 -146 -31 654 663 661 504 469 813 -513 -339 2 846 147 421 181 218 870 -546 404 -732 946
34 -722 -430 3 114 -809 -570 902 639 -553 769 -521 -301 -617 86 -163 152 600 751 -1000 -878 -18 -793 942 -58 215 590 473 516 450 -843 -62 -315 491 -427 -307 477 701 567 621 -152 138 -490 605 -762 -742 680 12 -282 842 -598 611 253 -234 30 10 222 -778 -66 188 -639 -270 369 925 965 719 -504 296 -178 -147 347 -686 -431 128 -228 -125 -649 612 381 -162 -460 -754 681 -252 829 309 -400 -801 -910 -113 844 -340 -745 -247 -893 -647 -319 -156 -659 776 -57 -149 422 20 160 -975 666 805 135 656 291 333 111 -284 -709 274 26 -438 -225 -171 -995 521 -795 -887 -715 -689 363 974 850 566 -357 982 -656 984 831 203 45 -311 -585 -851 -391 447 550 17 787 -973 -154 943 -671 -872 -726 -907 421 -799 -219 725 -367 211 818 740 315 -713 -539 -221 514 -994 424 -110 40 -540 453 877 229 -691 191 438 246 -130 -393 143 -541 958 -966 226 283 -502 -40 -39 411 -52 -992 -191 248 822 -683 -117 -912 750 394 537 -657 880 -296 184 -486 -475 957 -331 756 133 -123 -574 -218 -89 136 194 -876 164 -606 637 545 801 -94 670 -145 -11 -303 -491 -251 -881 -14 -628 -348 729 -737 444 127 263 547 -151 -714 839 440 169 -874 580 -785 -802 -245 -375 -446 -822 643 -494 568 493 -345 -467 -44 -556 -138 922 698 322 -32 361 -758 -721 856 -71 -180 -153 517 -958 711 268 -695 -328 618 652 -545 -41 -692 -231 -668 592 888 -991 -516 -187 -283 870 -605 22 -100 524 834 82 879 -981 70 -329 -148 528 -625 177 556 -813 -997 -948 907 531 -65 759 -390 507 525 679 -128 934 855 -517 74 -224 916 -976 -807 -77 721 972 -201 223 -503 -385 501 -960 688 -421 162 -507 628 881 499 -592 292 -179 -880 -860 19 65 772 -862 400 785 -938 -943 722 271 382 -766 506 -764 954 944 -287 -944 -832 -558 -746 -410 249 609 987 -3 325 457 -198 -414 -55 -901 8 -589 210 -950 789 33 425 -409 300 -143 824 630 -579 -523 608 441 -263 307 -442 351 -443 -660 316 901 -59 -915 777 766 569 -942 596 -645 488 -279 443 398 324 -295 636 383 -120 991 73 702 868 -386 -727 862 -194 96 -853 -264 396 310 712 112 745 -185 574 -13 -197 201 876 46 120 -968 287 -418 490 144 -417 -703 -310 -488 353 -116 -761 -285 -317 180 -725 -661 484 623 -814 61 -954 -666 -648 979 42 -297 -200 55 806 -677 -239 151 -420 775 -877 -352 -27 428 146 276 866 299 693 -49 139 664 -658 671 -293 -435 346 -126 941 93
[RUN #9 0 40]








































[RUN #10 0 100]




































































































[RUN #11 1 100]
431
443
127
819
486
781
-788
282
-777
67
666
-234
-481
-490
-993
77
-541
-7
758
-418
-65
-47
-639
254
-466
554
-512
-920
-223
-751
732
786
172
740
551
-354
-953
240
671
97
-822
-520
-405
-387
71
888
912
-431
-468
387
-199
-239
615
194
551
565
-364
-107
262
-163
-934
-688
-344
-891
-983
-997
-972
-648
22
-199
596
-650
418
-248
-836
-649
-269
-630
129
755
459
570
676
-600
-105
-312
-432
-292
559
-362
864
-390
901
-936
-730
-782
-525
-17
-31
-121
[RUN #12 2 100]
-821 -232
150 629
214 228
222 225
-103 -470
-169 -903
142 -734
83 509
-773 367
-24 590
591 394
119 955
-373 441
352 -871
426 317
-852 -217
-188 625
58 290
391 457
-761 -776
-37 -861
918 -768
371 -369
740 -120
-946 335
559 -696
-427 -983
30 483
-744 842
64 -605
-706 408
-473 154
-541 -601
-955 822
-9 -856
464 310
948 -737
-273 911
560 -742
273 131
-953 604
-427 -692
-513 776
3 -764
-281 193
-642 392
-856 300
-573 685
100 -798
-820 -503
696 -910
-725 -150
875 854
356 299
